<?xml version="1.0" encoding="UTF-8"?>
<!-- Generated by org.testng.reporters.JUnitXMLReporter -->
<testsuite hostname="HP" ignored="0" name="Default test" tests="3" failures="0" timestamp="15 Sep 2018 19:57:50 GMT" time="98.324" errors="0">
  <testcase name="validateCreateNewContact" time="2.921" classname="com.crm.qa.testcases.ContactsPageTest"/>
  <testcase name="validateCreateNewContact" time="2.244" classname="com.crm.qa.testcases.ContactsPageTest"/>
  <testcase name="validateCreateNewContact" time="2.491" classname="com.crm.qa.testcases.ContactsPageTest"/>
</testsuite> <!-- Default test -->
