<?xml version="1.0" encoding="UTF-8"?>
<!-- Generated by org.testng.reporters.JUnitXMLReporter -->
<testsuite hostname="HP" ignored="0" name="Test" tests="8" failures="0" timestamp="15 Sep 2018 07:43:26 GMT" time="269.984" errors="0">
  <testcase name="loginPageTitleTest" time="0.042" classname="com.crm.qa.testcases.LoginPageTest"/>
  <testcase name="verifyContactsPageLabel" time="1.602" classname="com.crm.qa.testcases.ContactsPageTest"/>
  <testcase name="verifyHomePageTitleTest" time="0.02" classname="com.crm.qa.testcases.HomePageTEST"/>
  <testcase name="crmlogoImageTest" time="0.071" classname="com.crm.qa.testcases.LoginPageTest"/>
  <testcase name="selectContactsTest" time="8.234" classname="com.crm.qa.testcases.ContactsPageTest"/>
  <testcase name="verifyUserNameTest" time="0.105" classname="com.crm.qa.testcases.HomePageTEST"/>
  <testcase name="loginTest" time="19.804" classname="com.crm.qa.testcases.LoginPageTest"/>
  <testcase name="verifyContactsLinkTest" time="5.177" classname="com.crm.qa.testcases.HomePageTEST"/>
</testsuite> <!-- Test -->
